#
# A fatal error has been detected by the Java Runtime Environment:
#
#  EXCEPTION_ACCESS_VIOLATION (0xc0000005) at pc=0x0000000002de0519, pid=23364, tid=23292
#
# JRE version: Java(TM) SE Runtime Environment (8.0_45-b15) (build 1.8.0_45-b15)
# Java VM: Java HotSpot(TM) 64-Bit Server VM (25.45-b02 mixed mode windows-amd64 compressed oops)
# Problematic frame:
# 
[error occurred during error reporting (printing problematic frame), id 0xc0000005]

# Failed to write core dump. Minidumps are not enabled by default on client versions of Windows
#
# If you would like to submit a bug report, please visit:
#   http://bugreport.java.com/bugreport/crash.jsp
#

---------------  T H R E A D  ---------------

Current thread (0x0000000017bb3000):  JavaThread "FileSystemWatcher: files=#45 cl=sun.misc.Launcher$AppClassLoader@14dad5dc" daemon [_thread_in_Java, id=23292, stack(0x0000000018320000,0x0000000018420000)]

siginfo: ExceptionCode=0xc0000005, reading address 0x000000000004baf8

Registers:
RAX=0x00000000f31bc2a8, RBX=0x0000000000000033, RCX=0x000000000004baf0, RDX=0x0000000100011538
RSP=0x000000001841e4a0, RBP=0x000000001841e4e8, RSI=0x000000000004baf0, RDI=0x00000000f31bc2c0
R8 =0x000000000000000b, R9 =0x0000000017b868a0, R10=0x00000000534d3bf0, R11=0x00000000038767e0
R12=0x0000000000000000, R13=0x0000000020bc591b, R14=0x000000001841e4f0, R15=0x0000000017bb3000
RIP=0x0000000002de0519, EFLAGS=0x0000000000010206

Top of Stack: (sp=0x000000001841e4a0)
0x000000001841e4a0:   00000000f31bc2a8 000000001841e4a8
0x000000001841e4b0:   0000000020bc5918 000000001841e4f0
0x000000001841e4c0:   0000000020bc5a40 0000000000000000
0x000000001841e4d0:   000000000004baf0 0000000000000000
0x000000001841e4e0:   0000000000050910 000000001841e5d0
0x000000001841e4f0:   000000000004e200 0000000000000000
0x000000001841e500:   0000000000000000 0000000000000000
0x000000001841e510:   0000000000000000 0000000000000000
0x000000001841e520:   0000000000000000 0000000000000000
0x000000001841e530:   0000000000000000 0000000000000000
0x000000001841e540:   0000000000000000 0000000000000000
0x000000001841e550:   0000000000000000 0000000000000000
0x000000001841e560:   0000000000000000 0000000000000000
0x000000001841e570:   0000000000000000 0000000000000000
0x000000001841e580:   0000000000000000 0000000000000000
0x000000001841e590:   0000000000000000 0000000020bc59d0 

Instructions: (pc=0x0000000002de0519)
0x0000000002de04f9:   fb 11 04 24 e9 0e 00 00 00 48 83 ec 10 48 89 04
0x0000000002de0509:   24 e9 01 00 00 00 50 41 0f b6 5d 01 48 8b 4d e8
0x0000000002de0519:   48 8b 49 08 48 8b 49 08 48 8b 41 08 0f b6 54 18
0x0000000002de0529:   04 83 fa 64 74 0e 83 fa 67 74 09 83 fa 07 0f 85 


Register to memory mapping:

RAX=0x00000000f31bc2a8 is an oop
java.lang.Long 
 - klass: 'java/lang/Long'
RBX=0x0000000000000033 is an unknown value
RCX=0x000000000004baf0 is an unknown value
RDX=0x0000000100011538 is pointing into metadata
RSP=0x000000001841e4a0 is pointing into the stack for thread: 0x0000000017bb3000
RBP=0x000000001841e4e8 is pointing into the stack for thread: 0x0000000017bb3000
RSI=0x000000000004baf0 is an unknown value
RDI=0x00000000f31bc2c0 is an oop

[error occurred during error reporting (printing register info), id 0xc0000005]

Stack: [0x0000000018320000,0x0000000018420000],  sp=0x000000001841e4a0,  free space=1017k
Native frames: (J=compiled Java code, j=interpreted, Vv=VM code, C=native code)
C  0x0000000002de0519


---------------  P R O C E S S  ---------------

Java Threads: ( => current thread )
  0x0000000017bd5800 JavaThread "JDWP Transport Listener: dt_socket" daemon [_thread_in_native, id=5904, stack(0x0000000021390000,0x0000000021490000)]
  0x000000001ad99800 JavaThread "http-nio-8080-exec-10" daemon [_thread_blocked, id=23072, stack(0x0000000020890000,0x0000000020990000)]
  0x000000001b3ac000 JavaThread "http-nio-8080-exec-9" daemon [_thread_blocked, id=22564, stack(0x0000000020790000,0x0000000020890000)]
  0x000000001b3ac800 JavaThread "http-nio-8080-exec-8" daemon [_thread_blocked, id=20556, stack(0x0000000020490000,0x0000000020590000)]
  0x000000001b3ab000 JavaThread "http-nio-8080-exec-7" daemon [_thread_blocked, id=18880, stack(0x0000000020390000,0x0000000020490000)]
  0x000000001b3af800 JavaThread "http-nio-8080-exec-6" daemon [_thread_blocked, id=25548, stack(0x0000000020290000,0x0000000020390000)]
  0x000000001b3ad800 JavaThread "http-nio-8080-exec-5" daemon [_thread_blocked, id=24948, stack(0x0000000020190000,0x0000000020290000)]
  0x000000001b3aa800 JavaThread "http-nio-8080-exec-4" daemon [_thread_blocked, id=5816, stack(0x0000000020090000,0x0000000020190000)]
  0x000000001b3ae000 JavaThread "http-nio-8080-exec-3" daemon [_thread_blocked, id=24124, stack(0x000000001ff90000,0x0000000020090000)]
  0x000000001b3af000 JavaThread "http-nio-8080-exec-2" daemon [_thread_blocked, id=24324, stack(0x000000001fe90000,0x000000001ff90000)]
  0x000000001b3a9800 JavaThread "http-nio-8080-exec-1" daemon [_thread_blocked, id=22856, stack(0x000000001fb90000,0x000000001fc90000)]
  0x000000001b3b0800 JavaThread "DestroyJavaVM" [_thread_blocked, id=21356, stack(0x00000000029b0000,0x0000000002ab0000)]
  0x000000001b001800 JavaThread "Thread-7" daemon [_thread_blocked, id=15084, stack(0x000000001fa90000,0x000000001fb90000)]
  0x000000001b006000 JavaThread "Thread-9" [_thread_blocked, id=5708, stack(0x000000001f990000,0x000000001fa90000)]
  0x000000001b004800 JavaThread "Thread-8" daemon [_thread_in_native, id=19220, stack(0x000000001e8c0000,0x000000001e9c0000)]
  0x000000001b005800 JavaThread "http-nio-8080-AsyncTimeout" daemon [_thread_blocked, id=21852, stack(0x000000001e7c0000,0x000000001e8c0000)]
  0x000000001b004000 JavaThread "http-nio-8080-Acceptor-0" daemon [_thread_in_native, id=2176, stack(0x000000001e6c0000,0x000000001e7c0000)]
  0x000000001b007800 JavaThread "http-nio-8080-ClientPoller-1" daemon [_thread_in_native, id=23648, stack(0x000000001e5c0000,0x000000001e6c0000)]
  0x000000001b008800 JavaThread "http-nio-8080-ClientPoller-0" daemon [_thread_in_native, id=21232, stack(0x000000001e4c0000,0x000000001e5c0000)]
  0x000000001b002800 JavaThread "NioBlockingSelector.BlockPoller-1" daemon [_thread_in_native, id=14104, stack(0x000000001e3c0000,0x000000001e4c0000)]
  0x000000001b003000 JavaThread "container-0" [_thread_blocked, id=13704, stack(0x000000001dec0000,0x000000001dfc0000)]
  0x000000001b007000 JavaThread "ContainerBackgroundProcessor[StandardEngine[Tomcat]]" daemon [_thread_blocked, id=17412, stack(0x000000001ddc0000,0x000000001dec0000)]
  0x0000000019129000 JavaThread "Statistics Thread-__DEFAULT__-1" daemon [_thread_blocked, id=24472, stack(0x000000001dac0000,0x000000001dbc0000)]
  0x000000001acc6800 JavaThread "com%002edomain%002eauth%002e%0052ole.data" [_thread_blocked, id=24200, stack(0x000000001d7c0000,0x000000001d8c0000)]
  0x000000001908c800 JavaThread "__DEFAULT__" daemon [_thread_blocked, id=22796, stack(0x000000001d5c0000,0x000000001d6c0000)]
  0x0000000018b0e800 JavaThread "Abandoned connection cleanup thread" daemon [_thread_blocked, id=17416, stack(0x000000001ccc0000,0x000000001cdc0000)]
  0x000000001a84a800 JavaThread "Tomcat JDBC Pool Cleaner[349885916:1492658542528]" daemon [_thread_blocked, id=20616, stack(0x000000001cbc0000,0x000000001ccc0000)]
=>0x0000000017bb3000 JavaThread "FileSystemWatcher: files=#45 cl=sun.misc.Launcher$AppClassLoader@14dad5dc" daemon [_thread_in_Java, id=23292, stack(0x0000000018320000,0x0000000018420000)]
  0x0000000017945000 JavaThread "Service Thread" daemon [_thread_blocked, id=22788, stack(0x0000000018020000,0x0000000018120000)]
  0x0000000017941000 JavaThread "C1 CompilerThread2" daemon [_thread_blocked, id=25292, stack(0x0000000017f20000,0x0000000018020000)]
  0x000000001792b000 JavaThread "C2 CompilerThread1" daemon [_thread_blocked, id=17792, stack(0x0000000017e20000,0x0000000017f20000)]
  0x0000000017948000 JavaThread "C2 CompilerThread0" daemon [_thread_blocked, id=23160, stack(0x0000000016e40000,0x0000000016f40000)]
  0x0000000014b75800 JavaThread "JDWP Event Helper Thread" daemon [_thread_blocked, id=25360, stack(0x0000000017520000,0x0000000017620000)]
  0x0000000014b58800 JavaThread "Attach Listener" daemon [_thread_blocked, id=23224, stack(0x0000000016380000,0x0000000016480000)]
  0x0000000014b4d800 JavaThread "Signal Dispatcher" daemon [_thread_blocked, id=25164, stack(0x0000000016280000,0x0000000016380000)]
  0x0000000002bbe000 JavaThread "Finalizer" daemon [_thread_blocked, id=23108, stack(0x0000000015d80000,0x0000000015e80000)]
  0x0000000014af9000 JavaThread "Reference Handler" daemon [_thread_blocked, id=21120, stack(0x0000000015c80000,0x0000000015d80000)]

Other Threads:
  0x0000000014af8000 VMThread [stack: 0x0000000015b80000,0x0000000015c80000] [id=23192]
  0x0000000017996000 WatcherThread [stack: 0x0000000018120000,0x0000000018220000] [id=14948]

VM state:not at safepoint (normal execution)

VM Mutex/Monitor currently owned by a thread: None

Heap:
 PSYoungGen      total 193024K, used 96137K [0x00000000f0000000, 0x0000000100000000, 0x0000000100000000)
  eden space 126464K, 40% used [0x00000000f0000000,0x00000000f3211e88,0x00000000f7b80000)
  from space 66560K, 67% used [0x00000000f7b80000,0x00000000fa750718,0x00000000fbc80000)
  to   space 66560K, 0% used [0x00000000fbf00000,0x00000000fbf00000,0x0000000100000000)
 ParOldGen       total 524288K, used 107896K [0x00000000d0000000, 0x00000000f0000000, 0x00000000f0000000)
  object space 524288K, 20% used [0x00000000d0000000,0x00000000d695e3e0,0x00000000f0000000)
 Metaspace       used 78646K, capacity 83490K, committed 83584K, reserved 1122304K
  class space    used 10192K, capacity 11554K, committed 11648K, reserved 1048576K

Card table byte_map: [0x0000000012180000,0x0000000012310000] byte_map_base: 0x0000000011b00000

Marking Bits: (ParMarkBitMap*) 0x00000000534e4040
 Begin Bits: [0x0000000012810000, 0x0000000013410000)
 End Bits:   [0x0000000013410000, 0x0000000014010000)

Polling page: 0x0000000002610000

CodeCache: size=245760Kb used=22515Kb max_used=22515Kb free=223244Kb
 bounds [0x0000000002dc0000, 0x00000000043d0000, 0x0000000011dc0000]
 total_blobs=10696 nmethods=9873 adapters=741
 compilation: enabled

Compilation events (10 events):
Event: 567.683 Thread 0x0000000017941000 10081       1       org.springsource.loaded.IncrementalTypeDescriptor::compute (483 bytes)
Event: 567.684 Thread 0x0000000017941000 nmethod 10081 0x00000000043bf210 code [0x00000000043bf440, 0x00000000043bfd38]
Event: 567.684 Thread 0x0000000017941000 10082       1       org.springsource.loaded.TypeDescriptor::getMethod (7 bytes)
Event: 567.684 Thread 0x0000000017941000 nmethod 10082 0x00000000043c0590 code [0x00000000043c06e0, 0x00000000043c0810]
Event: 567.684 Thread 0x0000000017941000 10083       1       grails.validation.AbstractConstraint::<init> (5 bytes)
Event: 567.684 Thread 0x0000000017941000 nmethod 10083 0x00000000043c08d0 code [0x00000000043c0a20, 0x00000000043c0b30]
Event: 567.687 Thread 0x0000000017941000 10084       1       sl.org.objectweb.asm.tree.LabelNode::getType (3 bytes)
Event: 567.687 Thread 0x0000000017941000 nmethod 10084 0x00000000043c0b90 code [0x00000000043c0ce0, 0x00000000043c0df0]
Event: 567.691 Thread 0x0000000017941000 10085       1       sl.org.objectweb.asm.tree.FieldInsnNode::getType (2 bytes)
Event: 567.691 Thread 0x0000000017941000 nmethod 10085 0x00000000043c0e50 code [0x00000000043c0fa0, 0x00000000043c10b0]

GC Heap History (10 events):
Event: 67.565 GC heap before
{Heap before GC invocations=38 (full 3):
 PSYoungGen      total 191488K, used 175645K [0x00000000f0000000, 0x0000000100000000, 0x0000000100000000)
  eden space 126976K, 100% used [0x00000000f0000000,0x00000000f7c00000,0x00000000f7c00000)
  from space 64512K, 75% used [0x00000000fc100000,0x00000000ff0876d8,0x0000000100000000)
  to   space 67584K, 0% used [0x00000000f7c00000,0x00000000f7c00000,0x00000000fbe00000)
 ParOldGen       total 524288K, used 83848K [0x00000000d0000000, 0x00000000f0000000, 0x00000000f0000000)
  object space 524288K, 15% used [0x00000000d0000000,0x00000000d51e23b0,0x00000000f0000000)
 Metaspace       used 75739K, capacity 79736K, committed 79872K, reserved 1118208K
  class space    used 9808K, capacity 11006K, committed 11008K, reserved 1048576K
Event: 67.610 GC heap after
Heap after GC invocations=38 (full 3):
 PSYoungGen      total 175616K, used 48331K [0x00000000f0000000, 0x0000000100000000, 0x0000000100000000)
  eden space 126976K, 0% used [0x00000000f0000000,0x00000000f0000000,0x00000000f7c00000)
  from space 48640K, 99% used [0x00000000f7c00000,0x00000000fab32ef0,0x00000000fab80000)
  to   space 69632K, 0% used [0x00000000fbc00000,0x00000000fbc00000,0x0000000100000000)
 ParOldGen       total 524288K, used 87669K [0x00000000d0000000, 0x00000000f0000000, 0x00000000f0000000)
  object space 524288K, 16% used [0x00000000d0000000,0x00000000d559d400,0x00000000f0000000)
 Metaspace       used 75739K, capacity 79736K, committed 79872K, reserved 1118208K
  class space    used 9808K, capacity 11006K, committed 11008K, reserved 1048576K
}
Event: 419.924 GC heap before
{Heap before GC invocations=39 (full 3):
 PSYoungGen      total 175616K, used 175307K [0x00000000f0000000, 0x0000000100000000, 0x0000000100000000)
  eden space 126976K, 100% used [0x00000000f0000000,0x00000000f7c00000,0x00000000f7c00000)
  from space 48640K, 99% used [0x00000000f7c00000,0x00000000fab32ef0,0x00000000fab80000)
  to   space 69632K, 0% used [0x00000000fbc00000,0x00000000fbc00000,0x0000000100000000)
 ParOldGen       total 524288K, used 87669K [0x00000000d0000000, 0x00000000f0000000, 0x00000000f0000000)
  object space 524288K, 16% used [0x00000000d0000000,0x00000000d559d400,0x00000000f0000000)
 Metaspace       used 76325K, capacity 80718K, committed 80896K, reserved 1118208K
  class space    used 9909K, capacity 11185K, committed 11264K, reserved 1048576K
Event: 419.978 GC heap after
Heap after GC invocations=39 (full 3):
 PSYoungGen      total 193024K, used 43120K [0x00000000f0000000, 0x0000000100000000, 0x0000000100000000)
  eden space 123392K, 0% used [0x00000000f0000000,0x00000000f0000000,0x00000000f7880000)
  from space 69632K, 61% used [0x00000000fbc00000,0x00000000fe61c378,0x0000000100000000)
  to   space 69120K, 0% used [0x00000000f7880000,0x00000000f7880000,0x00000000fbc00000)
 ParOldGen       total 524288K, used 95157K [0x00000000d0000000, 0x00000000f0000000, 0x00000000f0000000)
  object space 524288K, 18% used [0x00000000d0000000,0x00000000d5ced460,0x00000000f0000000)
 Metaspace       used 76325K, capacity 80718K, committed 80896K, reserved 1118208K
  class space    used 9909K, capacity 11185K, committed 11264K, reserved 1048576K
}
Event: 422.189 GC heap before
{Heap before GC invocations=40 (full 3):
 PSYoungGen      total 193024K, used 166501K [0x00000000f0000000, 0x0000000100000000, 0x0000000100000000)
  eden space 123392K, 99% used [0x00000000f0000000,0x00000000f787d2f8,0x00000000f7880000)
  from space 69632K, 61% used [0x00000000fbc00000,0x00000000fe61c378,0x0000000100000000)
  to   space 69120K, 0% used [0x00000000f7880000,0x00000000f7880000,0x00000000fbc00000)
 ParOldGen       total 524288K, used 95157K [0x00000000d0000000, 0x00000000f0000000, 0x00000000f0000000)
  object space 524288K, 18% used [0x00000000d0000000,0x00000000d5ced460,0x00000000f0000000)
 Metaspace       used 76709K, capacity 81230K, committed 81536K, reserved 1120256K
  class space    used 9990K, capacity 11298K, committed 11392K, reserved 1048576K
Event: 422.240 GC heap after
Heap after GC invocations=40 (full 3):
 PSYoungGen      total 192512K, used 44755K [0x00000000f0000000, 0x0000000100000000, 0x0000000100000000)
  eden space 123392K, 0% used [0x00000000f0000000,0x00000000f0000000,0x00000000f7880000)
  from space 69120K, 64% used [0x00000000f7880000,0x00000000fa434d00,0x00000000fbc00000)
  to   space 69120K, 0% used [0x00000000fbc80000,0x00000000fbc80000,0x0000000100000000)
 ParOldGen       total 524288K, used 99837K [0x00000000d0000000, 0x00000000f0000000, 0x00000000f0000000)
  object space 524288K, 19% used [0x00000000d0000000,0x00000000d617f490,0x00000000f0000000)
 Metaspace       used 76709K, capacity 81230K, committed 81536K, reserved 1120256K
  class space    used 9990K, capacity 11298K, committed 11392K, reserved 1048576K
}
Event: 481.951 GC heap before
{Heap before GC invocations=41 (full 3):
 PSYoungGen      total 192512K, used 168147K [0x00000000f0000000, 0x0000000100000000, 0x0000000100000000)
  eden space 123392K, 100% used [0x00000000f0000000,0x00000000f7880000,0x00000000f7880000)
  from space 69120K, 64% used [0x00000000f7880000,0x00000000fa434d00,0x00000000fbc00000)
  to   space 69120K, 0% used [0x00000000fbc80000,0x00000000fbc80000,0x0000000100000000)
 ParOldGen       total 524288K, used 99837K [0x00000000d0000000, 0x00000000f0000000, 0x00000000f0000000)
  object space 524288K, 19% used [0x00000000d0000000,0x00000000d617f490,0x00000000f0000000)
 Metaspace       used 76998K, capacity 81544K, committed 81792K, reserved 1120256K
  class space    used 10031K, capacity 11346K, committed 11392K, reserved 1048576K
Event: 481.988 GC heap after
Heap after GC invocations=41 (full 3):
 PSYoungGen      total 195584K, used 39534K [0x00000000f0000000, 0x0000000100000000, 0x0000000100000000)
  eden space 126464K, 0% used [0x00000000f0000000,0x00000000f0000000,0x00000000f7b80000)
  from space 69120K, 57% used [0x00000000fbc80000,0x00000000fe31ba58,0x0000000100000000)
  to   space 66560K, 0% used [0x00000000f7b80000,0x00000000f7b80000,0x00000000fbc80000)
 ParOldGen       total 524288K, used 102532K [0x00000000d0000000, 0x00000000f0000000, 0x00000000f0000000)
  object space 524288K, 19% used [0x00000000d0000000,0x00000000d6421330,0x00000000f0000000)
 Metaspace       used 76998K, capacity 81544K, committed 81792K, reserved 1120256K
  class space    used 10031K, capacity 11346K, committed 11392K, reserved 1048576K
}
Event: 500.999 GC heap before
{Heap before GC invocations=42 (full 3):
 PSYoungGen      total 195584K, used 165998K [0x00000000f0000000, 0x0000000100000000, 0x0000000100000000)
  eden space 126464K, 100% used [0x00000000f0000000,0x00000000f7b80000,0x00000000f7b80000)
  from space 69120K, 57% used [0x00000000fbc80000,0x00000000fe31ba58,0x0000000100000000)
  to   space 66560K, 0% used [0x00000000f7b80000,0x00000000f7b80000,0x00000000fbc80000)
 ParOldGen       total 524288K, used 102532K [0x00000000d0000000, 0x00000000f0000000, 0x00000000f0000000)
  object space 524288K, 19% used [0x00000000d0000000,0x00000000d6421330,0x00000000f0000000)
 Metaspace       used 78316K, capacity 83158K, committed 83328K, reserved 1120256K
  class space    used 10178K, capacity 11552K, committed 11648K, reserved 1048576K
Event: 501.056 GC heap after
Heap after GC invocations=42 (full 3):
 PSYoungGen      total 193024K, used 44865K [0x00000000f0000000, 0x0000000100000000, 0x0000000100000000)
  eden space 126464K, 0% used [0x00000000f0000000,0x00000000f0000000,0x00000000f7b80000)
  from space 66560K, 67% used [0x00000000f7b80000,0x00000000fa750718,0x00000000fbc80000)
  to   space 66560K, 0% used [0x00000000fbf00000,0x00000000fbf00000,0x0000000100000000)
 ParOldGen       total 524288K, used 107896K [0x00000000d0000000, 0x00000000f0000000, 0x00000000f0000000)
  object space 524288K, 20% used [0x00000000d0000000,0x00000000d695e3e0,0x00000000f0000000)
 Metaspace       used 78316K, capacity 83158K, committed 83328K, reserved 1120256K
  class space    used 10178K, capacity 11552K, committed 11648K, reserved 1048576K
}

Deoptimization events (0 events):
No events

Internal exceptions (10 events):
Event: 567.668 Thread 0x0000000017bb3000 Exception <a 'java/lang/ClassNotFoundException': org/grails/datastore/gorm/GormValidateable$Trait$FieldHelperCustomizer> (0x00000000f2f20768) thrown at [C:\re\workspace\8-2-build-windows-amd64-cygwin\jdk8u45\3627\hotspot\src\share\vm\classfile\systemDictioÁvù†[ΩÅ@
Event: 567.670 Thread 0x0000000017bb3000 Exception <a 'java/lang/ClassNotFoundException': groovy/lang/GroovyObjectCustomizer> (0x00000000f2f3edd0) thrown at [C:\re\workspace\8-2-build-windows-amd64-cygwin\jdk8u45\3627\hotspot\src\share\vm\classfile\systemDictionary.cpp, line 210]
Event: 567.673 Thread 0x0000000017bb3000 Exception <a 'java/lang/ClassNotFoundException': org/grails/datastore/mapping/dirty/checking/DirtyCheckableCustomizer> (0x00000000f2fd6f68) thrown at [C:\re\workspace\8-2-build-windows-amd64-cygwin\jdk8u45\3627\hotspot\src\share\vm\classfile\systemDictionaÍ»"eΩÅ@
Event: 567.674 Thread 0x0000000017bb3000 Exception <a 'java/lang/ClassNotFoundException': org/grails/datastore/gorm/GormEntityCustomizer> (0x00000000f2ffe2a0) thrown at [C:\re\workspace\8-2-build-windows-amd64-cygwin\jdk8u45\3627\hotspot\src\share\vm\classfile\systemDictionary.cpp, line 210]
Event: 567.676 Thread 0x0000000017bb3000 Exception <a 'java/lang/ClassNotFoundException': grails/artefact/DomainClassCustomizer> (0x00000000f3027bf0) thrown at [C:\re\workspace\8-2-build-windows-amd64-cygwin\jdk8u45\3627\hotspot\src\share\vm\classfile\systemDictionary.cpp, line 210]
Event: 567.677 Thread 0x0000000017bb3000 Exception <a 'java/lang/ClassNotFoundException': grails/web/databinding/WebDataBindingCustomizer> (0x00000000f304b518) thrown at [C:\re\workspace\8-2-build-windows-amd64-cygwin\jdk8u45\3627\hotspot\src\share\vm\classfile\systemDictionary.cpp, line 210]
Event: 567.679 Thread 0x0000000017bb3000 Exception <a 'java/lang/ClassNotFoundException': grails/gorm/EntityCustomizer> (0x00000000f30679b0) thrown at [C:\re\workspace\8-2-build-windows-amd64-cygwin\jdk8u45\3627\hotspot\src\share\vm\classfile\systemDictionary.cpp, line 210]
Event: 567.680 Thread 0x0000000017bb3000 Exception <a 'java/lang/ClassNotFoundException': org/grails/datastore/mapping/dirty/checking/DirtyCheckable$Trait$FieldHelperCustomizer> (0x00000000f309e220) thrown at [C:\re\workspace\8-2-build-windows-amd64-cygwin\jdk8u45\3627\hotspot\src\share\vm\classfL#ˇ,sΩÅ@
Event: 567.681 Thread 0x0000000017bb3000 Exception <a 'java/lang/ClassNotFoundException': org/grails/datastore/gorm/GormValidateable$Trait$FieldHelperCustomizer> (0x00000000f30cfdc8) thrown at [C:\re\workspace\8-2-build-windows-amd64-cygwin\jdk8u45\3627\hotspot\src\share\vm\classfile\systemDictiow˜˘útΩÅ@
Event: 567.682 Thread 0x0000000017bb3000 Exception <a 'java/lang/ClassNotFoundException': groovy/lang/GroovyObjectCustomizer> (0x00000000f30ee430) thrown at [C:\re\workspace\8-2-build-windows-amd64-cygwin\jdk8u45\3627\hotspot\src\share\vm\classfile\systemDictionary.cpp, line 210]

Events (10 events):
Event: 567.690 Thread 0x0000000017bb3000 DEOPT PACKING pc=0x00000000036eca11 sp=0x000000001841ec80
Event: 567.690 Thread 0x0000000017bb3000 DEOPT UNPACKING pc=0x0000000002e0787f sp=0x000000001841e9c8 mode 1
Event: 567.690 Thread 0x0000000017bb3000 DEOPT PACKING pc=0x00000000036eca11 sp=0x000000001841ec80
Event: 567.690 Thread 0x0000000017bb3000 DEOPT UNPACKING pc=0x0000000002e0787f sp=0x000000001841e9c8 mode 1
Event: 567.690 Thread 0x0000000017bb3000 DEOPT PACKING pc=0x00000000036eca11 sp=0x000000001841ec80
Event: 567.690 Thread 0x0000000017bb3000 DEOPT UNPACKING pc=0x0000000002e0787f sp=0x000000001841e9c8 mode 1
Event: 567.690 Thread 0x0000000017bb3000 DEOPT PACKING pc=0x00000000037381ff sp=0x000000001841e940
Event: 567.690 Thread 0x0000000017bb3000 DEOPT UNPACKING pc=0x0000000002e0787f sp=0x000000001841e6c0 mode 1
Event: 567.690 Thread 0x0000000017bb3000 DEOPT PACKING pc=0x0000000003361ea4 sp=0x000000001841e9f0
Event: 567.690 Thread 0x0000000017bb3000 DEOPT UNPACKING pc=0x0000000002e0787f sp=0x000000001841e730 mode 1


Dynamic libraries:
0x00007ff65e1b0000 - 0x00007ff65e1e7000 	C:\Program Files\Java\jdk1.8.0_45\bin\java.exe
0x00007ffd6fda0000 - 0x00007ffd6ff71000 	C:\WINDOWS\SYSTEM32\ntdll.dll
0x00007ffd6f900000 - 0x00007ffd6f9ab000 	C:\WINDOWS\System32\KERNEL32.DLL
0x00007ffd6c6a0000 - 0x00007ffd6c8bd000 	C:\WINDOWS\System32\KERNELBASE.dll
0x00007ffd6ded0000 - 0x00007ffd6df72000 	C:\WINDOWS\System32\ADVAPI32.dll
0x00007ffd6db50000 - 0x00007ffd6dbee000 	C:\WINDOWS\System32\msvcrt.dll
0x00007ffd6f9b0000 - 0x00007ffd6fa09000 	C:\WINDOWS\System32\sechost.dll
0x00007ffd6d330000 - 0x00007ffd6d451000 	C:\WINDOWS\System32\RPCRT4.dll
0x00007ffd6dd40000 - 0x00007ffd6dea5000 	C:\WINDOWS\System32\USER32.dll
0x00007ffd6c290000 - 0x00007ffd6c2ae000 	C:\WINDOWS\System32\win32u.dll
0x00007ffd6df80000 - 0x00007ffd6dfb4000 	C:\WINDOWS\System32\GDI32.dll
0x00007ffd6c8c0000 - 0x00007ffd6ca42000 	C:\WINDOWS\System32\gdi32full.dll
0x00007ffd64570000 - 0x00007ffd647ea000 	C:\WINDOWS\WinSxS\amd64_microsoft.windows.common-controls_6595b64144ccf1df_6.0.14393.953_none_42151e83c686086b\COMCTL32.dll
0x00007ffd6d820000 - 0x00007ffd6dae8000 	C:\WINDOWS\System32\combase.dll
0x00007ffd6c5a0000 - 0x00007ffd6c695000 	C:\WINDOWS\System32\ucrtbase.dll
0x00007ffd6c2b0000 - 0x00007ffd6c31a000 	C:\WINDOWS\System32\bcryptPrimitives.dll
0x00007ffd6fd70000 - 0x00007ffd6fd9e000 	C:\WINDOWS\System32\IMM32.DLL
0x0000000053760000 - 0x0000000053832000 	C:\Program Files\Java\jdk1.8.0_45\jre\bin\msvcr100.dll
0x0000000052ce0000 - 0x0000000053563000 	C:\Program Files\Java\jdk1.8.0_45\jre\bin\server\jvm.dll
0x00007ffd6d640000 - 0x00007ffd6d648000 	C:\WINDOWS\System32\PSAPI.DLL
0x00007ffd55120000 - 0x00007ffd55129000 	C:\WINDOWS\SYSTEM32\WSOCK32.dll
0x00007ffd6a6c0000 - 0x00007ffd6a6e3000 	C:\WINDOWS\SYSTEM32\WINMM.dll
0x00007ffd6afb0000 - 0x00007ffd6afba000 	C:\WINDOWS\SYSTEM32\VERSION.dll
0x00007ffd6dc10000 - 0x00007ffd6dc7a000 	C:\WINDOWS\System32\WS2_32.dll
0x00007ffd6a660000 - 0x00007ffd6a68b000 	C:\WINDOWS\SYSTEM32\WINMMBASE.dll
0x00007ffd6c4f0000 - 0x00007ffd6c532000 	C:\WINDOWS\System32\cfgmgr32.dll
0x0000000053630000 - 0x000000005363f000 	C:\Program Files\Java\jdk1.8.0_45\jre\bin\verify.dll
0x0000000053600000 - 0x0000000053629000 	C:\Program Files\Java\jdk1.8.0_45\jre\bin\java.dll
0x0000000053720000 - 0x0000000053755000 	C:\Program Files\Java\jdk1.8.0_45\jre\bin\jdwp.dll
0x0000000053710000 - 0x0000000053718000 	C:\Program Files\Java\jdk1.8.0_45\jre\bin\npt.dll
0x00000000536e0000 - 0x0000000053703000 	C:\Program Files\Java\jdk1.8.0_45\jre\bin\instrument.dll
0x00000000535e0000 - 0x00000000535f6000 	C:\Program Files\Java\jdk1.8.0_45\jre\bin\zip.dll
0x00007ffd6dfc0000 - 0x00007ffd6f4c8000 	C:\WINDOWS\System32\SHELL32.dll
0x00007ffd6ca50000 - 0x00007ffd6d12a000 	C:\WINDOWS\System32\windows.storage.dll
0x00007ffd6c200000 - 0x00007ffd6c24c000 	C:\WINDOWS\System32\powrprof.dll
0x00007ffd6daf0000 - 0x00007ffd6db42000 	C:\WINDOWS\System32\shlwapi.dll
0x00007ffd6c270000 - 0x00007ffd6c27f000 	C:\WINDOWS\System32\kernel.appcore.dll
0x00007ffd6d130000 - 0x00007ffd6d1d9000 	C:\WINDOWS\System32\shcore.dll
0x00007ffd6c250000 - 0x00007ffd6c264000 	C:\WINDOWS\System32\profapi.dll
0x00000000536d0000 - 0x00000000536d9000 	C:\Program Files\Java\jdk1.8.0_45\jre\bin\dt_socket.dll
0x0000000180000000 - 0x000000018008c000 	C:\WINDOWS\system32\ASProxy64.dll
0x00007ffd6d460000 - 0x00007ffd6d597000 	C:\WINDOWS\System32\ole32.dll
0x00007ffd6dc80000 - 0x00007ffd6dd3f000 	C:\WINDOWS\System32\OLEAUT32.dll
0x00007ffd6bb30000 - 0x00007ffd6bb8c000 	C:\WINDOWS\SYSTEM32\MSWSOCK.dll
0x00007ffd6b8b0000 - 0x00007ffd6b8e8000 	C:\WINDOWS\SYSTEM32\IPHLPAPI.DLL
0x00007ffd6d290000 - 0x00007ffd6d32c000 	C:\WINDOWS\System32\msvcp_win.dll
0x00007ffd6bf00000 - 0x00007ffd6bf2c000 	C:\WINDOWS\SYSTEM32\SspiCli.dll
0x00007ffd6a890000 - 0x00007ffd6a925000 	C:\WINDOWS\system32\uxtheme.dll
0x00007ffd6d5a0000 - 0x00007ffd6d63f000 	C:\WINDOWS\System32\clbcatq.dll
0x00007ffd6c0d0000 - 0x00007ffd6c168000 	C:\WINDOWS\SYSTEM32\sxs.dll
0x00000000535c0000 - 0x00000000535da000 	C:\Program Files\Java\jdk1.8.0_45\jre\bin\net.dll
0x00007ffd59340000 - 0x00007ffd59356000 	C:\WINDOWS\system32\napinsp.dll
0x00007ffd59320000 - 0x00007ffd5933a000 	C:\WINDOWS\system32\pnrpnsp.dll
0x00007ffd6a3a0000 - 0x00007ffd6a3b8000 	C:\WINDOWS\system32\NLAapi.dll
0x00007ffd6b8f0000 - 0x00007ffd6b991000 	C:\WINDOWS\SYSTEM32\DNSAPI.dll
0x00007ffd6dbf0000 - 0x00007ffd6dbf8000 	C:\WINDOWS\System32\NSI.dll
0x00007ffd59310000 - 0x00007ffd5931e000 	C:\WINDOWS\System32\winrnr.dll
0x00007ffd58fb0000 - 0x00007ffd58fc5000 	C:\WINDOWS\System32\wshbth.dll
0x00007ffd65b80000 - 0x00007ffd65b8a000 	C:\Windows\System32\rasadhlp.dll
0x00007ffd698e0000 - 0x00007ffd6994a000 	C:\WINDOWS\System32\fwpuclnt.dll
0x00007ffd6bde0000 - 0x00007ffd6be0b000 	C:\WINDOWS\SYSTEM32\bcrypt.dll
0x00000000526d0000 - 0x00000000526dd000 	C:\Program Files\Java\jdk1.8.0_45\jre\bin\management.dll
0x00000000535a0000 - 0x00000000535b1000 	C:\Program Files\Java\jdk1.8.0_45\jre\bin\nio.dll
0x00007ffd6bce0000 - 0x00007ffd6bcf7000 	C:\WINDOWS\SYSTEM32\CRYPTSP.dll
0x00007ffd6b740000 - 0x00007ffd6b773000 	C:\WINDOWS\system32\rsaenh.dll
0x00007ffd6b9b0000 - 0x00007ffd6b9cf000 	C:\WINDOWS\SYSTEM32\USERENV.dll
0x00007ffd6bcd0000 - 0x00007ffd6bcdb000 	C:\WINDOWS\SYSTEM32\CRYPTBASE.dll
0x00007ffd69590000 - 0x00007ffd695a6000 	C:\WINDOWS\SYSTEM32\dhcpcsvc6.DLL
0x00007ffd693e0000 - 0x00007ffd693fa000 	C:\WINDOWS\SYSTEM32\dhcpcsvc.DLL
0x00007ffd5db10000 - 0x00007ffd5dca2000 	C:\WINDOWS\SYSTEM32\dbghelp.dll

VM Arguments:
jvm_args: -Dendpoints.shutdown.enabled=true -Denv=development -Dfull.stacktrace=false -Dgrails.env=development -Dgrails.full.stacktrace=false -Dinfo.app.grailsVersion=3.2.8 -Dinfo.app.name=mojobs -Dinfo.app.version=0.1 -Djdk.reflect.allowGetCallerClass=true -Drun.active=true -Dspring.output.ansi.enabled=always -Dspringloaded=inclusions=grails.plugins..*;synchronize=true;allowSplitPackages=true;cacheDir=D:\grails\3.2.8\mojobs\build\springloaded -Dverbose=false -XX:+TieredCompilation -XX:TieredStopAtLevel=1 -XX:CICompilerCount=3 -agentlib:jdwp=transport=dt_socket,address=59352,suspend=n,server=y -javaagent:C:\Users\hupanpan\.gradle\caches\modules-2\files-2.1\org.springframework\springloaded\1.2.7.RELEASE\83d209e87380fd30a294cefd458ab6170722e80c\springloaded-1.2.7.RELEASE.jar -Xverify:none -Xms768m -Xmx768m -Dfile.encoding=UTF-8 -Duser.country=CN -Duser.language=zh -Duser.variant 
java_command: mojobs.Application
java_class_path (initial): D:\grails\3.2.8\mojobs\src\main\resources;D:\grails\3.2.8\mojobs\grails-app\views;D:\grails\3.2.8\mojobs\grails-app\i18n;D:\grails\3.2.8\mojobs\grails-app\conf;D:\grails\3.2.8\mojobs\build\classes\main;D:\grails\3.2.8\mojobs\build\resources\main;D:\grails\3.2.8\mojobs\gsp-classes;C:\Users\hupanpan\.gradle\caches\modules-2\files-2.1\org.springframework.boot\spring-boot-starter-logging\1.4.5.RELEASE\d5209df2b85ef6e8e6f455cc5529283c468b9921\spring-boot-starter-logging-1.4.5.RELEASE.jar;C:\Users\hupanpan\.gradle\caches\modules-2\files-2.1\org.springframework.boot\spring-boot-autoconfigure\1.4.5.RELEASE\b7944e21e252504883de815014618251505571f4\spring-boot-autoconfigure-1.4.5.RELEASE.jar;C:\Users\hupanpan\.gradle\caches\modules-2\files-2.1\org.grails\grails-core\3.2.8\190146aad60c4ea86cca4d8831f0cccf6512dad3\grails-core-3.2.8.jar;C:\Users\hupanpan\.gradle\caches\modules-2\files-2.1\org.springframework.boot\spring-boot-starter-actuator\1.4.5.RELEASE\92247e5155db90d8d07ddfd0ae0b7c3c2bc272f2\spring-boot-starter-actuator-1.4.5.RELEASE.jar;C:\Users\hupanpan\.gradle\caches\modules-2\files-2.1\org.springframework.boot\spring-boot-starter-tomcat\1.4.5.RELEASE\546694a3b704f0cd1e9b810f032b77757e9e3475\spring-boot-starter-tomcat-1.4.5.RELEASE.jar;C:\Users\hupanpan\.gradle\caches\modules-2\files-2.1\org.grails\grails-web-boot\3.2.8\2fe946a26d33c8d071ef6f51ae1cdb09345d5b07\grails-web-boot-3.2.8.jar;C:\Users\hupanpan\.gradle\caches\modules-2\files-2.1\org.grails.plugins\cache\3.0.3\e857268f939b4b907ce91ff4f5217cfb97abcaa7\cache-3.0.3.jar;C:\Users\hupanpan\.gradle\caches\modules-2\files-2.1\org.grails.plugins\scaffolding\3.3.2\f83500d58083a0383b5a16731cd974b8b722a688\scaffolding-3.3.2.jar;C:\Users\hupanpan\.gradle\caches\modules-2\files-2.1\org.grails.plugins\hibernate5\6.0.9\61755678567dd72f1d6f8dd7f9cba3f832ee2090\hibernate5-6.0.9.jar;C:\Users\hupanpan\.gradle\caches\modules-2\files-2.1\org.hibernate\hibernate-core\5.1.3.Final\eaeed3c272d8585d585a269417572
Launcher Type: SUN_STANDARD

Environment Variables:
JAVA_HOME=C:\Program Files\Java\jdk1.8.0_45
PATH=D:\app\hybrisadmin\product\12.1.0\dbhome_1\bin;C:\ProgramData\Oracle\Java\javapath;C:\WINDOWS\system32;C:\WINDOWS;C:\WINDOWS\System32\Wbem;C:\WINDOWS\System32\WindowsPowerShell\v1.0\;C:\Program Files\TortoiseSVN\bin;D:\hybris\hybris\bin\platform\apache-ant-1.9.1\bin;C:\Program Files\MySQL\MySQL Server 5.5\bin;D:\grails\sdk\grails-3.2.8\bin;D:\grails\sdk\gradle-3.2.1\bin;C:\Program Files\Git\cmd;C:\Users\hupanpan\AppData\Local\Microsoft\WindowsApps;
USERNAME=hupanpan
OS=Windows_NT
PROCESSOR_IDENTIFIER=Intel64 Family 6 Model 78 Stepping 3, GenuineIntel



---------------  S Y S T E M  ---------------

OS: Windows 10.0 , 64 bit Build 14393 (10.0.14393.0)

CPU:total 4 (2 cores per cpu, 2 threads per core) family 6 model 78 stepping 3, cmov, cx8, fxsr, mmx, sse, sse2, sse3, ssse3, sse4.1, sse4.2, popcnt, avx, avx2, clmul, erms, 3dnowpref, lzcnt, ht, tsc, tscinvbit, bmi1, bmi2, adx

Memory: 4k page, physical 20385132k(10909904k free), swap 26152300k(12724200k free)

vm_info: Java HotSpot(TM) 64-Bit Server VM (25.45-b02) for windows-amd64 JRE (1.8.0_45-b15), built on Apr 30 2015 12:40:44 by "java_re" with MS VC++ 10.0 (VS2010)

time: Thu Apr 20 11:31:36 2017
elapsed time: 567 seconds (0d 0h 9m 27s)

